<?xml version="1.0" encoding="UTF-8"?>
<!-- Generated by org.testng.reporters.JUnitReportReporter -->
<testsuite hostname="DESKTOP-KO6MOHH" failures="0" tests="2" name="organisationModule.ExReportForTestNgDemo" time="3.025" errors="0" timestamp="2021-12-28T16:57:37 IST" skipped="0">
  <testcase classname="organisationModule.ExReportForTestNgDemo" name="test" time="2.094"/>
  <system-out/>
  <testcase classname="organisationModule.ExReportForTestNgDemo" name="test1" time="0.931"/>
  <system-out/>
</testsuite> <!-- organisationModule.ExReportForTestNgDemo -->
