<?xml version="1.0" encoding="UTF-8"?>
<!-- Generated by org.testng.reporters.JUnitReportReporter -->
<testsuite hostname="DESKTOP-KO6MOHH" failures="0" tests="1" name="organisationModule.CreateOrg" time="43.882" errors="0" timestamp="2021-12-29T00:10:55 IST" skipped="0">
  <testcase classname="organisationModule.CreateOrg" name="createOrg" time="43.882"/>
  <system-out/>
</testsuite> <!-- organisationModule.CreateOrg -->
