<?xml version="1.0" encoding="UTF-8"?>
<!-- Generated by org.testng.reporters.JUnitReportReporter -->
<testsuite hostname="DESKTOP-KO6MOHH" failures="0" tests="2" name="organisationModule.ExReportForTestNgDemo" time="2.005" errors="0" timestamp="2021-12-18T10:38:33 IST" skipped="0">
  <testcase classname="organisationModule.ExReportForTestNgDemo" name="test1" time="0.660"/>
  <system-out/>
  <testcase classname="organisationModule.ExReportForTestNgDemo" name="test" time="1.345"/>
  <system-out/>
</testsuite> <!-- organisationModule.ExReportForTestNgDemo -->
