<?xml version="1.0" encoding="UTF-8"?>
<!-- Generated by org.testng.reporters.JUnitReportReporter -->
<testsuite hostname="DESKTOP-KO6MOHH" failures="0" tests="1" name="organisationModule.CreateOrg" time="17.192" errors="0" timestamp="2021-12-16T17:06:41 IST" skipped="0">
  <testcase classname="organisationModule.CreateOrg" name="createOrg" time="17.192"/>
  <system-out/>
</testsuite> <!-- organisationModule.CreateOrg -->
