<?xml version="1.0" encoding="UTF-8"?>
<!-- Generated by org.testng.reporters.JUnitReportReporter -->
<testsuite hostname="DESKTOP-KO6MOHH" failures="0" tests="1" name="lead.LoginLead" time="10.742" errors="0" timestamp="2021-12-16T12:18:52 IST" skipped="0">
  <testcase classname="lead.LoginLead" name="loginlead" time="10.742"/>
  <system-out/>
</testsuite> <!-- lead.LoginLead -->
